#
# There is insufficient memory for the Java Runtime Environment to continue.
# Native memory allocation (malloc) failed to allocate 1048576 bytes for AllocateHeap
# Possible reasons:
#   The system is out of physical RAM or swap space
#   The process is running with CompressedOops enabled, and the Java Heap may be blocking the growth of the native heap
# Possible solutions:
#   Reduce memory load on the system
#   Increase physical memory or swap space
#   Check if swap backing store is full
#   Decrease Java heap size (-Xmx/-Xms)
#   Decrease number of Java threads
#   Decrease Java thread stack sizes (-Xss)
#   Set larger code cache with -XX:ReservedCodeCacheSize=
#   JVM is running with Unscaled Compressed Oops mode in which the Java heap is
#     placed in the first 4GB address space. The Java Heap base address is the
#     maximum limit for the native heap growth. Please use -XX:HeapBaseMinAddress
#     to set the Java Heap base and to place the Java Heap above 4GB virtual address.
# This output file may be truncated or incomplete.
#
#  Out of Memory Error (memory/allocation.inline.hpp:61), pid=17580, tid=0x00000000000044d8
#
# JRE version:  (8.0_201-b09) (build )
# Java VM: Java HotSpot(TM) 64-Bit Server VM (25.201-b09 mixed mode windows-amd64 compressed oops)
# Failed to write core dump. Minidumps are not enabled by default on client versions of Windows
#

---------------  T H R E A D  ---------------

Current thread (0x0000000001c3e800):  JavaThread "Unknown thread" [_thread_in_vm, id=17624, stack(0x0000000002690000,0x0000000002790000)]

Stack: [0x0000000002690000,0x0000000002790000]
[error occurred during error reporting (printing stack bounds), id 0xc0000005]

Native frames: (J=compiled Java code, j=interpreted, Vv=VM code, C=native code)


---------------  P R O C E S S  ---------------

Java Threads: ( => current thread )

Other Threads:

=>0x0000000001c3e800 (exited) JavaThread "Unknown thread" [_thread_in_vm, id=17624, stack(0x0000000002690000,0x0000000002790000)]

VM state:not at safepoint (normal execution)

VM Mutex/Monitor currently owned by a thread: None

heap address: 0x0000000081200000, size: 2030 MB, Compressed Oops mode: 32-bit
Narrow klass base: 0x0000000000000000, Narrow klass shift: 0
Compressed class space size: 1073741824 Address: 0x0000000016ac0000

Heap:
 PSYoungGen      total 38400K, used 665K [0x00000000d5b80000, 0x00000000d8600000, 0x0000000100000000)
  eden space 33280K, 2% used [0x00000000d5b80000,0x00000000d5c26670,0x00000000d7c00000)
  from space 5120K, 0% used [0x00000000d8100000,0x00000000d8100000,0x00000000d8600000)
  to   space 5120K, 0% used [0x00000000d7c00000,0x00000000d7c00000,0x00000000d8100000)
 ParOldGen       total 87552K, used 0K [0x0000000081200000, 0x0000000086780000, 0x00000000d5b80000)
  object space 87552K, 0% used [0x0000000081200000,0x0000000081200000,0x0000000086780000)
 Metaspace       used 751K, capacity 4480K, committed 4480K, reserved 1056768K
  class space    used 76K, capacity 384K, committed 384K, reserved 1048576K

Card table byte_map: [0x0000000011b50000,0x0000000011f50000] byte_map_base: 0x0000000011747000

Marking Bits: (ParMarkBitMap*) 0x0000000068a64ce0
 Begin Bits: [0x0000000012750000, 0x0000000014708000)
 End Bits:   [0x0000000014708000, 0x00000000166c0000)

Polling page: 0x0000000000130000

CodeCache: size=245760Kb used=328Kb max_used=328Kb free=245431Kb
 bounds [0x0000000002790000, 0x0000000002a00000, 0x0000000011790000]
 total_blobs=58 nmethods=0 adapters=38
 compilation: enabled

Compilation events (0 events):
No events

GC Heap History (0 events):
No events

Deoptimization events (0 events):
No events

Classes redefined (0 events):
No events

Internal exceptions (0 events):
No events

Events (10 events):
Event: 0.035 loading class java/lang/Short
Event: 0.035 loading class java/lang/Short done
Event: 0.035 loading class java/lang/Integer
Event: 0.036 loading class java/lang/Integer done
Event: 0.036 loading class java/lang/Long
Event: 0.036 loading class java/lang/Long done
Event: 0.036 loading class java/lang/NullPointerException
Event: 0.036 loading class java/lang/NullPointerException done
Event: 0.036 loading class java/lang/ArithmeticException
Event: 0.036 loading class java/lang/ArithmeticException done


Dynamic libraries:
0x000000013fba0000 - 0x000000013fbd7000 	C:\Program Files\Java\jre1.8.0_201\bin\javaw.exe
0x0000000077070000 - 0x000000007720f000 	C:\windows\SYSTEM32\ntdll.dll
0x0000000076f50000 - 0x000000007706f000 	C:\windows\system32\kernel32.dll
0x000007fefcbe0000 - 0x000007fefcc4a000 	C:\windows\system32\KERNELBASE.dll
0x000007fefcf80000 - 0x000007fefd05b000 	C:\windows\system32\ADVAPI32.dll
0x000007fefd790000 - 0x000007fefd82f000 	C:\windows\system32\msvcrt.dll
0x000007fefe2b0000 - 0x000007fefe2cf000 	C:\windows\SYSTEM32\sechost.dll
0x000007fefe030000 - 0x000007fefe15d000 	C:\windows\system32\RPCRT4.dll
0x0000000076e50000 - 0x0000000076f4a000 	C:\windows\system32\USER32.dll
0x000007feff220000 - 0x000007feff287000 	C:\windows\system32\GDI32.dll
0x000007fefe2d0000 - 0x000007fefe2de000 	C:\windows\system32\LPK.dll
0x000007feff290000 - 0x000007feff35b000 	C:\windows\system32\USP10.dll
0x000007fefb0a0000 - 0x000007fefb294000 	C:\windows\WinSxS\amd64_microsoft.windows.common-controls_6595b64144ccf1df_6.0.7601.18837_none_fa3b1e3d17594757\COMCTL32.dll
0x000007fefd710000 - 0x000007fefd781000 	C:\windows\system32\SHLWAPI.dll
0x000007fefe280000 - 0x000007fefe2ae000 	C:\windows\system32\IMM32.DLL
0x000007fefe2e0000 - 0x000007fefe3e9000 	C:\windows\system32\MSCTF.dll
0x000000006fd60000 - 0x000000006fe31000 	C:\Program Files\Java\jre1.8.0_201\bin\msvcr100.dll
0x0000000068240000 - 0x0000000068ae4000 	C:\Program Files\Java\jre1.8.0_201\bin\server\jvm.dll
0x000007fef10b0000 - 0x000007fef10b9000 	C:\windows\system32\WSOCK32.dll
0x000007fefd850000 - 0x000007fefd89d000 	C:\windows\system32\WS2_32.dll
0x000007fefe020000 - 0x000007fefe028000 	C:\windows\system32\NSI.dll
0x000007fef8a60000 - 0x000007fef8a9b000 	C:\windows\system32\WINMM.dll
0x000007fefbeb0000 - 0x000007fefbebc000 	C:\windows\system32\VERSION.dll
0x0000000077210000 - 0x0000000077217000 	C:\windows\system32\PSAPI.DLL
0x000007fef0f10000 - 0x000007fef0f1f000 	C:\Program Files\Java\jre1.8.0_201\bin\verify.dll
0x000007fef0ee0000 - 0x000007fef0f09000 	C:\Program Files\Java\jre1.8.0_201\bin\java.dll
0x000007fef0ec0000 - 0x000007fef0ed6000 	C:\Program Files\Java\jre1.8.0_201\bin\zip.dll

VM Arguments:
jvm_args: -Dfile.encoding=MS949 
java_command: chart02
java_class_path (initial): C:\java19WS\Chart01\bin
Launcher Type: SUN_STANDARD

Environment Variables:
PATH=C:/Program Files/Java/jre1.8.0_201/bin/server;C:/Program Files/Java/jre1.8.0_201/bin;C:/Program Files/Java/jre1.8.0_201/lib/amd64;C:\Program Files (x86)\Common Files\Oracle\Java\javapath;C:\Program Files (x86)\Intel\iCLS Client\;C:\Program Files\Intel\iCLS Client\;C:\windows\system32;C:\windows;C:\windows\System32\Wbem;C:\windows\System32\WindowsPowerShell\v1.0\;C:\Program Files\Intel\Intel(R) Management Engine Components\DAL;C:\Program Files\Intel\Intel(R) Management Engine Components\IPT;C:\Program Files (x86)\Intel\Intel(R) Management Engine Components\DAL;C:\Program Files (x86)\Intel\Intel(R) Management Engine Components\IPT;C:\Program Files\Bandizip\;C:\Users\4class016\Downloads\eclipse-jee-2018-12-R-win32-x86_64\eclipse;
USERNAME=4class016
OS=Windows_NT
PROCESSOR_IDENTIFIER=Intel64 Family 6 Model 60 Stepping 3, GenuineIntel



---------------  S Y S T E M  ---------------

OS: Windows 7 , 64 bit Build 7601 (6.1.7601.24354)

CPU:total 4 (initial active 4) (4 cores per cpu, 1 threads per core) family 6 model 60 stepping 3, cmov, cx8, fxsr, mmx, sse, sse2, sse3, ssse3, sse4.1, sse4.2, popcnt, avx, avx2, aes, clmul, erms, rtm, lzcnt, tsc, tscinvbit, bmi1, bmi2

Memory: 4k page, physical 8307836k(982612k free), swap 33213348k(20556k free)

vm_info: Java HotSpot(TM) 64-Bit Server VM (25.201-b09) for windows-amd64 JRE (1.8.0_201-b09), built on Dec 15 2018 18:36:39 by "java_re" with MS VC++ 10.0 (VS2010)

time: Fri Mar 08 18:07:18 2019
timezone: 대한민국 표준시
elapsed time: 0 seconds (0d 0h 0m 0s)

